2025-08-17 13:28:36.210 [info] [main] Log level: Info
2025-08-17 13:28:36.210 [info] [main] Validating found git in: "git"
2025-08-17 13:28:36.210 [info] [main] Using git "2.43.0" from "git"
2025-08-17 13:28:36.210 [info] [Model][doInitialScan] Initial repository scan started
2025-08-17 13:28:36.210 [info] > git rev-parse --show-toplevel [5ms]
2025-08-17 13:28:36.210 [info] fatal: not a git repository (or any parent up to mount point /)
Stopping at filesystem boundary (GIT_DISCOVERY_ACROSS_FILESYSTEM not set).
2025-08-17 13:28:36.210 [info] > git rev-parse --show-toplevel [2ms]
2025-08-17 13:28:36.210 [info] fatal: not a git repository (or any parent up to mount point /)
Stopping at filesystem boundary (GIT_DISCOVERY_ACROSS_FILESYSTEM not set).
2025-08-17 13:28:36.210 [info] > git rev-parse --show-toplevel [2ms]
2025-08-17 13:28:36.210 [info] fatal: not a git repository (or any parent up to mount point /)
Stopping at filesystem boundary (GIT_DISCOVERY_ACROSS_FILESYSTEM not set).
2025-08-17 13:28:36.210 [info] > git rev-parse --show-toplevel [3ms]
2025-08-17 13:28:36.210 [info] fatal: not a git repository (or any parent up to mount point /)
Stopping at filesystem boundary (GIT_DISCOVERY_ACROSS_FILESYSTEM not set).
2025-08-17 13:28:36.210 [info] > git rev-parse --show-toplevel [6ms]
2025-08-17 13:28:36.210 [info] fatal: not a git repository (or any parent up to mount point /)
Stopping at filesystem boundary (GIT_DISCOVERY_ACROSS_FILESYSTEM not set).
2025-08-17 13:28:36.210 [info] > git rev-parse --show-toplevel [2ms]
2025-08-17 13:28:36.210 [info] fatal: not a git repository (or any parent up to mount point /)
Stopping at filesystem boundary (GIT_DISCOVERY_ACROSS_FILESYSTEM not set).
2025-08-17 13:28:36.216 [info] > git rev-parse --show-toplevel [2ms]
2025-08-17 13:28:36.216 [info] fatal: not a git repository (or any parent up to mount point /)
Stopping at filesystem boundary (GIT_DISCOVERY_ACROSS_FILESYSTEM not set).
2025-08-17 13:28:36.223 [info] > git rev-parse --show-toplevel [2ms]
2025-08-17 13:28:36.223 [info] fatal: not a git repository (or any parent up to mount point /)
Stopping at filesystem boundary (GIT_DISCOVERY_ACROSS_FILESYSTEM not set).
2025-08-17 13:28:36.230 [info] > git rev-parse --show-toplevel [3ms]
2025-08-17 13:28:36.230 [info] fatal: not a git repository (or any parent up to mount point /)
Stopping at filesystem boundary (GIT_DISCOVERY_ACROSS_FILESYSTEM not set).
2025-08-17 13:28:36.236 [info] > git rev-parse --show-toplevel [2ms]
2025-08-17 13:28:36.236 [info] fatal: not a git repository (or any parent up to mount point /)
Stopping at filesystem boundary (GIT_DISCOVERY_ACROSS_FILESYSTEM not set).
2025-08-17 13:28:36.243 [info] > git rev-parse --show-toplevel [1ms]
2025-08-17 13:28:36.243 [info] fatal: not a git repository (or any parent up to mount point /)
Stopping at filesystem boundary (GIT_DISCOVERY_ACROSS_FILESYSTEM not set).
2025-08-17 13:28:36.244 [info] [Model][doInitialScan] Initial repository scan completed - repositories (0), closed repositories (0), parent repositories (0), unsafe repositories (0)
2025-08-17 13:30:04.004 [info] > git rev-parse --show-toplevel [3ms]
2025-08-17 13:30:04.004 [info] fatal: not a git repository (or any parent up to mount point /)
Stopping at filesystem boundary (GIT_DISCOVERY_ACROSS_FILESYSTEM not set).
2025-08-17 13:30:06.607 [info] > git rev-parse --show-toplevel [6ms]
2025-08-17 13:30:06.607 [info] fatal: not a git repository (or any parent up to mount point /)
Stopping at filesystem boundary (GIT_DISCOVERY_ACROSS_FILESYSTEM not set).
